[debug] [2021-11-18T16:26:10.062Z] ----------------------------------------------------------------------
[debug] [2021-11-18T16:26:10.064Z] Command:       /usr/local/bin/firebase /Users/justin/.cache/firebase/tools/lib/node_modules/firebase-tools/lib/bin/firebase deploy --only functions
[debug] [2021-11-18T16:26:10.064Z] CLI Version:   9.12.1
[debug] [2021-11-18T16:26:10.064Z] Platform:      darwin
[debug] [2021-11-18T16:26:10.064Z] Node Version:  v12.18.1
[debug] [2021-11-18T16:26:10.070Z] Time:          Thu Nov 18 2021 10:26:10 GMT-0600 (Central Standard Time)
[debug] [2021-11-18T16:26:10.070Z] ----------------------------------------------------------------------
[debug] 
[debug] [2021-11-18T16:26:10.074Z] >>> [apiv2][query] GET https://firebase-public.firebaseio.com/cli.json [none]
[debug] [2021-11-18T16:26:10.087Z] > command requires scopes: ["email","openid","https://www.googleapis.com/auth/cloudplatformprojects.readonly","https://www.googleapis.com/auth/firebase","https://www.googleapis.com/auth/cloud-platform"]
[debug] [2021-11-18T16:26:10.087Z] > authorizing via signed-in user (klaas.justin@gmail.com)
[debug] [2021-11-18T16:26:10.087Z] [iam] checking project random-word-93879 for permissions ["cloudfunctions.functions.create","cloudfunctions.functions.delete","cloudfunctions.functions.get","cloudfunctions.functions.list","cloudfunctions.functions.update","cloudfunctions.operations.get","firebase.projects.get"]
[debug] [2021-11-18T16:26:10.088Z] > refreshing access token with scopes: ["email","https://www.googleapis.com/auth/cloud-platform","https://www.googleapis.com/auth/cloudplatformprojects.readonly","https://www.googleapis.com/auth/firebase","openid"]
[debug] [2021-11-18T16:26:10.088Z] >>> HTTP REQUEST POST https://www.googleapis.com/oauth2/v3/token  
 <request body omitted>
[debug] [2021-11-18T16:26:10.256Z] <<< HTTP RESPONSE 200 {"expires":"Mon, 01 Jan 1990 00:00:00 GMT","date":"Thu, 18 Nov 2021 16:26:10 GMT","cache-control":"no-cache, no-store, max-age=0, must-revalidate","pragma":"no-cache","content-type":"application/json; charset=utf-8","vary":"X-Origin, Referer, Origin,Accept-Encoding","server":"scaffolding on HTTPServer2","x-xss-protection":"0","x-frame-options":"SAMEORIGIN","x-content-type-options":"nosniff","alt-svc":"h3=\":443\"; ma=2592000,h3-29=\":443\"; ma=2592000,h3-Q050=\":443\"; ma=2592000,h3-Q046=\":443\"; ma=2592000,h3-Q043=\":443\"; ma=2592000,quic=\":443\"; ma=2592000; v=\"46,43\"","accept-ranges":"none","transfer-encoding":"chunked"}
[debug] [2021-11-18T16:26:10.308Z] >>> HTTP REQUEST POST https://cloudresourcemanager.googleapis.com/v1/projects/random-word-93879:testIamPermissions  
 {"permissions":["cloudfunctions.functions.create","cloudfunctions.functions.delete","cloudfunctions.functions.get","cloudfunctions.functions.list","cloudfunctions.functions.update","cloudfunctions.operations.get","firebase.projects.get"]}
[debug] [2021-11-18T16:26:10.316Z] <<< [apiv2][status] GET https://firebase-public.firebaseio.com/cli.json 200
[debug] [2021-11-18T16:26:10.316Z] <<< [apiv2][body] GET https://firebase-public.firebaseio.com/cli.json {"cloudBuildErrorAfter":1594252800000,"cloudBuildWarnAfter":1590019200000,"defaultNode10After":1594252800000,"minVersion":"3.0.5","node8DeploysDisabledAfter":1613390400000,"node8RuntimeDisabledAfter":1615809600000,"node8WarnAfter":1600128000000}
[debug] [2021-11-18T16:26:10.514Z] <<< HTTP RESPONSE 200 {"content-type":"application/json; charset=UTF-8","vary":"X-Origin, Referer, Origin,Accept-Encoding","date":"Thu, 18 Nov 2021 16:26:10 GMT","server":"ESF","cache-control":"private","x-xss-protection":"0","x-frame-options":"SAMEORIGIN","x-content-type-options":"nosniff","server-timing":"gfet4t7; dur=53","alt-svc":"h3=\":443\"; ma=2592000,h3-29=\":443\"; ma=2592000,h3-Q050=\":443\"; ma=2592000,h3-Q046=\":443\"; ma=2592000,h3-Q043=\":443\"; ma=2592000,quic=\":443\"; ma=2592000; v=\"46,43\"","accept-ranges":"none","transfer-encoding":"chunked"}
[debug] [2021-11-18T16:26:10.517Z] >>> HTTP REQUEST POST https://iam.googleapis.com/v1/projects/random-word-93879/serviceAccounts/random-word-93879@appspot.gserviceaccount.com:testIamPermissions  
 {"permissions":["iam.serviceAccounts.actAs"]}
[debug] [2021-11-18T16:26:10.696Z] <<< HTTP RESPONSE 200 {"content-type":"application/json; charset=UTF-8","vary":"X-Origin, Referer, Origin,Accept-Encoding","date":"Thu, 18 Nov 2021 16:26:10 GMT","server":"ESF","cache-control":"private","x-xss-protection":"0","x-frame-options":"SAMEORIGIN","x-content-type-options":"nosniff","alt-svc":"h3=\":443\"; ma=2592000,h3-29=\":443\"; ma=2592000,h3-Q050=\":443\"; ma=2592000,h3-Q046=\":443\"; ma=2592000,h3-Q043=\":443\"; ma=2592000,quic=\":443\"; ma=2592000; v=\"46,43\"","accept-ranges":"none","transfer-encoding":"chunked"}
[info] 
[info] === Deploying to 'random-word-93879'...
[info] 
[info] i  deploying functions 
[info] Running command: npm --prefix "$RESOURCE_DIR" run build
[info] ✔  functions: Finished running predeploy script. 
[info] i  functions: ensuring required API cloudfunctions.googleapis.com is enabled... 
[info] i  functions: ensuring required API cloudbuild.googleapis.com is enabled... 
[debug] [2021-11-18T16:26:21.926Z] >>> HTTP REQUEST GET https://serviceusage.googleapis.com/v1/projects/random-word-93879/services/cloudfunctions.googleapis.com  
 
[debug] [2021-11-18T16:26:21.926Z] >>> HTTP REQUEST GET https://serviceusage.googleapis.com/v1/projects/random-word-93879/services/runtimeconfig.googleapis.com  
 
[debug] [2021-11-18T16:26:21.927Z] >>> HTTP REQUEST GET https://serviceusage.googleapis.com/v1/projects/random-word-93879/services/cloudbuild.googleapis.com  
 
[debug] [2021-11-18T16:26:22.254Z] <<< HTTP RESPONSE 200 {"content-type":"application/json; charset=UTF-8","vary":"X-Origin, Referer, Origin,Accept-Encoding","date":"Thu, 18 Nov 2021 16:26:22 GMT","server":"ESF","cache-control":"private","x-xss-protection":"0","x-frame-options":"SAMEORIGIN","x-content-type-options":"nosniff","alt-svc":"h3=\":443\"; ma=2592000,h3-29=\":443\"; ma=2592000,h3-Q050=\":443\"; ma=2592000,h3-Q046=\":443\"; ma=2592000,h3-Q043=\":443\"; ma=2592000,quic=\":443\"; ma=2592000; v=\"46,43\"","accept-ranges":"none","transfer-encoding":"chunked"}
[debug] [2021-11-18T16:26:22.320Z] <<< HTTP RESPONSE 200 {"content-type":"application/json; charset=UTF-8","vary":"X-Origin, Referer, Origin,Accept-Encoding","date":"Thu, 18 Nov 2021 16:26:22 GMT","server":"ESF","cache-control":"private","x-xss-protection":"0","x-frame-options":"SAMEORIGIN","x-content-type-options":"nosniff","alt-svc":"h3=\":443\"; ma=2592000,h3-29=\":443\"; ma=2592000,h3-Q050=\":443\"; ma=2592000,h3-Q046=\":443\"; ma=2592000,h3-Q043=\":443\"; ma=2592000,quic=\":443\"; ma=2592000; v=\"46,43\"","accept-ranges":"none","transfer-encoding":"chunked"}
[info] ✔  functions: required API cloudbuild.googleapis.com is enabled 
[debug] [2021-11-18T16:26:22.344Z] <<< HTTP RESPONSE 200 {"content-type":"application/json; charset=UTF-8","vary":"X-Origin, Referer, Origin,Accept-Encoding","date":"Thu, 18 Nov 2021 16:26:22 GMT","server":"ESF","cache-control":"private","x-xss-protection":"0","x-frame-options":"SAMEORIGIN","x-content-type-options":"nosniff","alt-svc":"h3=\":443\"; ma=2592000,h3-29=\":443\"; ma=2592000,h3-Q050=\":443\"; ma=2592000,h3-Q046=\":443\"; ma=2592000,h3-Q043=\":443\"; ma=2592000,quic=\":443\"; ma=2592000; v=\"46,43\"","accept-ranges":"none","transfer-encoding":"chunked"}
[info] ✔  functions: required API cloudfunctions.googleapis.com is enabled 
[debug] [2021-11-18T16:26:22.349Z] >>> HTTP REQUEST GET https://firebase.googleapis.com/v1beta1/projects/random-word-93879/adminSdkConfig  
 
[debug] [2021-11-18T16:26:22.612Z] <<< HTTP RESPONSE 200 {"content-type":"application/json; charset=UTF-8","vary":"X-Origin, Referer, Origin,Accept-Encoding","date":"Thu, 18 Nov 2021 16:26:22 GMT","server":"ESF","cache-control":"private","x-xss-protection":"0","x-frame-options":"SAMEORIGIN","x-content-type-options":"nosniff","alt-svc":"h3=\":443\"; ma=2592000,h3-29=\":443\"; ma=2592000,h3-Q050=\":443\"; ma=2592000,h3-Q046=\":443\"; ma=2592000,h3-Q043=\":443\"; ma=2592000,quic=\":443\"; ma=2592000; v=\"46,43\"","accept-ranges":"none","transfer-encoding":"chunked"}
[info] i  functions: preparing functions directory for uploading... 
[debug] [2021-11-18T16:26:22.616Z] >>> HTTP REQUEST GET https://runtimeconfig.googleapis.com/v1beta1/projects/random-word-93879/configs  
 
[debug] [2021-11-18T16:26:22.900Z] <<< HTTP RESPONSE 200 {"content-type":"application/json; charset=UTF-8","vary":"X-Origin, Referer, Origin,Accept-Encoding","date":"Thu, 18 Nov 2021 16:26:23 GMT","server":"ESF","cache-control":"private","x-xss-protection":"0","x-frame-options":"SAMEORIGIN","x-content-type-options":"nosniff","alt-svc":"h3=\":443\"; ma=2592000,h3-29=\":443\"; ma=2592000,h3-Q050=\":443\"; ma=2592000,h3-Q046=\":443\"; ma=2592000,h3-Q043=\":443\"; ma=2592000,quic=\":443\"; ma=2592000; v=\"46,43\"","accept-ranges":"none","transfer-encoding":"chunked"}
[debug] [2021-11-18T16:26:22.901Z] >>> HTTP REQUEST GET https://runtimeconfig.googleapis.com/v1beta1/projects/random-word-93879/configs/words/variables  
 
[debug] [2021-11-18T16:26:23.130Z] <<< HTTP RESPONSE 200 {"content-type":"application/json; charset=UTF-8","vary":"X-Origin, Referer, Origin,Accept-Encoding","date":"Thu, 18 Nov 2021 16:26:23 GMT","server":"ESF","cache-control":"private","x-xss-protection":"0","x-frame-options":"SAMEORIGIN","x-content-type-options":"nosniff","alt-svc":"h3=\":443\"; ma=2592000,h3-29=\":443\"; ma=2592000,h3-Q050=\":443\"; ma=2592000,h3-Q046=\":443\"; ma=2592000,h3-Q043=\":443\"; ma=2592000,quic=\":443\"; ma=2592000; v=\"46,43\"","accept-ranges":"none","transfer-encoding":"chunked"}
[debug] [2021-11-18T16:26:23.133Z] >>> HTTP REQUEST GET https://runtimeconfig.googleapis.com/v1beta1/projects/random-word-93879/configs/words/variables/key  
 
[debug] [2021-11-18T16:26:23.509Z] <<< HTTP RESPONSE 200 {"content-type":"application/json; charset=UTF-8","vary":"X-Origin, Referer, Origin,Accept-Encoding","date":"Thu, 18 Nov 2021 16:26:23 GMT","server":"ESF","cache-control":"private","x-xss-protection":"0","x-frame-options":"SAMEORIGIN","x-content-type-options":"nosniff","alt-svc":"h3=\":443\"; ma=2592000,h3-29=\":443\"; ma=2592000,h3-Q050=\":443\"; ma=2592000,h3-Q046=\":443\"; ma=2592000,h3-Q043=\":443\"; ma=2592000,quic=\":443\"; ma=2592000; v=\"46,43\"","accept-ranges":"none","transfer-encoding":"chunked"}
[debug] [2021-11-18T16:26:23.515Z] Analyizing backend with strategy parseJSExports
[info] i  functions: packaged functions (43.25 KB) for uploading 
[info] i  pubsub: ensuring required API pubsub.googleapis.com is enabled... 
[info] i  scheduler: ensuring required API cloudscheduler.googleapis.com is enabled... 
[debug] [2021-11-18T16:26:23.807Z] >>> HTTP REQUEST GET https://serviceusage.googleapis.com/v1/projects/random-word-93879/services/pubsub.googleapis.com  
 
[debug] [2021-11-18T16:26:23.807Z] >>> HTTP REQUEST GET https://serviceusage.googleapis.com/v1/projects/random-word-93879/services/cloudscheduler.googleapis.com  
 
[debug] [2021-11-18T16:26:23.809Z] > [functions] package.json contents: {
  "name": "functions",
  "scripts": {
    "build": "tsc",
    "serve": "npm run build && firebase emulators:start --only functions",
    "shell": "npm run build && firebase functions:shell",
    "start": "npm run shell",
    "deploy": "firebase deploy --only functions",
    "logs": "firebase functions:log"
  },
  "engines": {
    "node": "14"
  },
  "main": "lib/functions/src/index.js",
  "dependencies": {
    "axios": "^0.24.0",
    "cors": "^2.8.5",
    "firebase": "^9.4.1",
    "firebase-admin": "^9.8.0",
    "firebase-functions": "^3.14.1"
  },
  "devDependencies": {
    "typescript": "^3.8.0",
    "firebase-functions-test": "^0.2.0"
  },
  "private": true
}
[debug] [2021-11-18T16:26:23.810Z] >>> HTTP REQUEST GET https://cloudfunctions.googleapis.com/v1/projects/random-word-93879/locations/-/functions  
 
[debug] [2021-11-18T16:26:24.156Z] <<< HTTP RESPONSE 200 {"content-type":"application/json; charset=UTF-8","vary":"X-Origin, Referer, Origin,Accept-Encoding","date":"Thu, 18 Nov 2021 16:26:24 GMT","server":"ESF","cache-control":"private","x-xss-protection":"0","x-frame-options":"SAMEORIGIN","x-content-type-options":"nosniff","alt-svc":"h3=\":443\"; ma=2592000,h3-29=\":443\"; ma=2592000,h3-Q050=\":443\"; ma=2592000,h3-Q046=\":443\"; ma=2592000,h3-Q043=\":443\"; ma=2592000,quic=\":443\"; ma=2592000; v=\"46,43\"","accept-ranges":"none","transfer-encoding":"chunked"}
[info] ✔  scheduler: required API cloudscheduler.googleapis.com is enabled 
[debug] [2021-11-18T16:26:24.164Z] <<< HTTP RESPONSE 200 {"content-type":"application/json; charset=UTF-8","vary":"X-Origin, Referer, Origin,Accept-Encoding","date":"Thu, 18 Nov 2021 16:26:24 GMT","server":"ESF","cache-control":"private","x-xss-protection":"0","x-frame-options":"SAMEORIGIN","x-content-type-options":"nosniff","alt-svc":"h3=\":443\"; ma=2592000,h3-29=\":443\"; ma=2592000,h3-Q050=\":443\"; ma=2592000,h3-Q046=\":443\"; ma=2592000,h3-Q043=\":443\"; ma=2592000,quic=\":443\"; ma=2592000; v=\"46,43\"","accept-ranges":"none","transfer-encoding":"chunked"}
[info] ✔  pubsub: required API pubsub.googleapis.com is enabled 
[debug] [2021-11-18T16:26:24.344Z] <<< HTTP RESPONSE 200 {"content-type":"application/json; charset=UTF-8","vary":"X-Origin, Referer, Origin,Accept-Encoding","date":"Thu, 18 Nov 2021 16:26:24 GMT","server":"ESF","cache-control":"private","x-xss-protection":"0","x-frame-options":"SAMEORIGIN","x-content-type-options":"nosniff","alt-svc":"h3=\":443\"; ma=2592000,h3-29=\":443\"; ma=2592000,h3-Q050=\":443\"; ma=2592000,h3-Q046=\":443\"; ma=2592000,h3-Q043=\":443\"; ma=2592000,quic=\":443\"; ma=2592000; v=\"46,43\"","accept-ranges":"none","transfer-encoding":"chunked"}
[debug] [2021-11-18T16:26:24.348Z] >>> HTTP REQUEST POST https://cloudfunctions.googleapis.com/v1/projects/random-word-93879/locations/us-central1/functions:generateUploadUrl  
 
[debug] [2021-11-18T16:26:25.046Z] <<< HTTP RESPONSE 200 {"content-type":"application/json; charset=UTF-8","vary":"X-Origin, Referer, Origin,Accept-Encoding","date":"Thu, 18 Nov 2021 16:26:25 GMT","server":"ESF","cache-control":"private","x-xss-protection":"0","x-frame-options":"SAMEORIGIN","x-content-type-options":"nosniff","alt-svc":"h3=\":443\"; ma=2592000,h3-29=\":443\"; ma=2592000,h3-Q050=\":443\"; ma=2592000,h3-Q046=\":443\"; ma=2592000,h3-Q043=\":443\"; ma=2592000,quic=\":443\"; ma=2592000; v=\"46,43\"","accept-ranges":"none","transfer-encoding":"chunked"}
[debug] [2021-11-18T16:26:25.051Z] >>> HTTP REQUEST PUT https://storage.googleapis.com/gcf-upload-us-central1-931d489a-09b2-4533-91ff-443947983cb1/de1e5978-9412-4aa8-b828-7df5d1854ed7.zip?GoogleAccessId=service-44449589385@gcf-admin-robot.iam.gserviceaccount.com&Expires=1637254585&Signature=PlaZOVgJ4PxsL9%2Fx9xHAZTEuVUrP4mciS08xO09WvEQ8n%2B37O%2Flz%2BpAItCFQfXS4m7mHH7eqEfiteZhGRMskZscmFLd7BXJ68RF6uShDU4PzroMRszNr1grwFN9mSvDOFLKXTuKFdsP9iMJG1ji0VhgYdv563B4syaCbcD%2Fbz0UbFev%2FLFQnA0F8ktmGkd9pCady95Hxq3Xo7v8ldhlthfNsN%2FMTniS5dCSpOofqyHgwUPVdkk4aEMSw02jf28wnoaOZ1wpaDN5vdczT3ZfU9Hk%2FhtNjT2Dib1UKamKcbiQ%2BEvHR4z2XsNNgultb06HYeSbmIwf0E4b90OWuqHRhMw%3D%3D  
 <request body omitted>
[debug] [2021-11-18T16:26:25.396Z] <<< HTTP RESPONSE 200 {"x-guploader-uploadid":"ADPycdu0KBXFnbXp7dWv_fqiFPrdUSJU4ajzXbJYip9AawaAp8Rc4Fpp-eRpOG2nBUmozeUMkntPmYCTKXJzR5P2ZK8","etag":"\"07bf89230ae9d3a495da62a0254e9a61\"","x-goog-generation":"1637252785474453","x-goog-metageneration":"1","x-goog-hash":"crc32c=EWaozg==, md5=B7+JIwrp06SV2mKgJU6aYQ==","x-goog-stored-content-length":"44286","x-goog-stored-content-encoding":"identity","vary":"Origin","content-length":"0","date":"Thu, 18 Nov 2021 16:26:25 GMT","server":"UploadServer","content-type":"text/html; charset=UTF-8","alt-svc":"h3=\":443\"; ma=2592000,h3-29=\":443\"; ma=2592000,h3-Q050=\":443\"; ma=2592000,h3-Q046=\":443\"; ma=2592000,h3-Q043=\":443\"; ma=2592000,quic=\":443\"; ma=2592000; v=\"46,43\""}
[info] ✔  functions: functions folder uploaded successfully 
[info] i  functions: updating Node.js 14 function getRandomWord(us-central1)... 
[debug] [2021-11-18T16:26:25.409Z] >>> HTTP REQUEST GET https://cloudscheduler.googleapis.com/v1beta1/projects/random-word-93879/locations/us-central1/jobs/firebase-schedule-getRandomWord-us-central1  
 
[debug] [2021-11-18T16:26:25.410Z] >>> HTTP REQUEST PATCH https://cloudfunctions.googleapis.com/v1/projects/random-word-93879/locations/us-central1/functions/getRandomWord {"updateMask":"name,sourceUploadUrl,entryPoint,runtime,eventTrigger.eventType,eventTrigger.resource,eventTrigger.failurePolicy,labels,environmentVariables"} 
 {"name":"projects/random-word-93879/locations/us-central1/functions/getRandomWord","sourceUploadUrl":"https://storage.googleapis.com/gcf-upload-us-central1-931d489a-09b2-4533-91ff-443947983cb1/de1e5978-9412-4aa8-b828-7df5d1854ed7.zip?GoogleAccessId=service-44449589385@gcf-admin-robot.iam.gserviceaccount.com&Expires=1637254585&Signature=PlaZOVgJ4PxsL9%2Fx9xHAZTEuVUrP4mciS08xO09WvEQ8n%2B37O%2Flz%2BpAItCFQfXS4m7mHH7eqEfiteZhGRMskZscmFLd7BXJ68RF6uShDU4PzroMRszNr1grwFN9mSvDOFLKXTuKFdsP9iMJG1ji0VhgYdv563B4syaCbcD%2Fbz0UbFev%2FLFQnA0F8ktmGkd9pCady95Hxq3Xo7v8ldhlthfNsN%2FMTniS5dCSpOofqyHgwUPVdkk4aEMSw02jf28wnoaOZ1wpaDN5vdczT3ZfU9Hk%2FhtNjT2Dib1UKamKcbiQ%2BEvHR4z2XsNNgultb06HYeSbmIwf0E4b90OWuqHRhMw%3D%3D","entryPoint":"getRandomWord","runtime":"nodejs14","eventTrigger":{"eventType":"google.pubsub.topic.publish","resource":"projects/random-word-93879/topics/firebase-schedule-getRandomWord-us-central1"},"labels":{"deployment-scheduled":"true","deployment-tool":"cli-firebase"},"environmentVariables":{"FIREBASE_CONFIG":"{\"projectId\":\"random-word-93879\",\"storageBucket\":\"random-word-93879.appspot.com\",\"locationId\":\"us-central\"}"}}
[debug] [2021-11-18T16:26:25.604Z] <<< HTTP RESPONSE 200 {"content-type":"application/json; charset=UTF-8","vary":"X-Origin, Referer, Origin,Accept-Encoding","date":"Thu, 18 Nov 2021 16:26:25 GMT","server":"ESF","cache-control":"private","x-xss-protection":"0","x-frame-options":"SAMEORIGIN","x-content-type-options":"nosniff","alt-svc":"h3=\":443\"; ma=2592000,h3-29=\":443\"; ma=2592000,h3-Q050=\":443\"; ma=2592000,h3-Q046=\":443\"; ma=2592000,h3-Q043=\":443\"; ma=2592000,quic=\":443\"; ma=2592000; v=\"46,43\"","accept-ranges":"none","transfer-encoding":"chunked"}
[debug] [2021-11-18T16:26:25.608Z] scheduler job firebase-schedule-getRandomWord-us-central1 is up to date, no changes required
[info] ✔  functions[getRandomWord(us-central1)]: Successful upsert schedule operation.  
[debug] [2021-11-18T16:26:25.873Z] <<< HTTP RESPONSE 200 {"content-type":"application/json; charset=UTF-8","vary":"X-Origin, Referer, Origin,Accept-Encoding","date":"Thu, 18 Nov 2021 16:26:25 GMT","server":"ESF","cache-control":"private","x-xss-protection":"0","x-frame-options":"SAMEORIGIN","x-content-type-options":"nosniff","alt-svc":"h3=\":443\"; ma=2592000,h3-29=\":443\"; ma=2592000,h3-Q050=\":443\"; ma=2592000,h3-Q046=\":443\"; ma=2592000,h3-Q043=\":443\"; ma=2592000,quic=\":443\"; ma=2592000; v=\"46,43\"","accept-ranges":"none","transfer-encoding":"chunked"}
[debug] [2021-11-18T16:26:25.877Z] > refreshing access token with scopes: []
[debug] [2021-11-18T16:26:25.878Z] >>> HTTP REQUEST POST https://www.googleapis.com/oauth2/v3/token  
 <request body omitted>
[debug] [2021-11-18T16:26:26.047Z] <<< HTTP RESPONSE 200 {"pragma":"no-cache","date":"Thu, 18 Nov 2021 16:26:26 GMT","cache-control":"no-cache, no-store, max-age=0, must-revalidate","expires":"Mon, 01 Jan 1990 00:00:00 GMT","content-type":"application/json; charset=utf-8","vary":"X-Origin, Referer, Origin,Accept-Encoding","server":"scaffolding on HTTPServer2","x-xss-protection":"0","x-frame-options":"SAMEORIGIN","x-content-type-options":"nosniff","alt-svc":"h3=\":443\"; ma=2592000,h3-29=\":443\"; ma=2592000,h3-Q050=\":443\"; ma=2592000,h3-Q046=\":443\"; ma=2592000,h3-Q043=\":443\"; ma=2592000,quic=\":443\"; ma=2592000; v=\"46,43\"","accept-ranges":"none","transfer-encoding":"chunked"}
[debug] [2021-11-18T16:26:26.098Z] >>> [apiv2][query] GET https://cloudfunctions.googleapis.com/v1/operations/cmFuZG9tLXdvcmQtOTM4NzkvdXMtY2VudHJhbDEvZ2V0UmFuZG9tV29yZC9vdjY1SWZzRDU5WQ [none]
[debug] [2021-11-18T16:26:26.289Z] <<< [apiv2][status] GET https://cloudfunctions.googleapis.com/v1/operations/cmFuZG9tLXdvcmQtOTM4NzkvdXMtY2VudHJhbDEvZ2V0UmFuZG9tV29yZC9vdjY1SWZzRDU5WQ 200
[debug] [2021-11-18T16:26:26.289Z] <<< [apiv2][body] GET https://cloudfunctions.googleapis.com/v1/operations/cmFuZG9tLXdvcmQtOTM4NzkvdXMtY2VudHJhbDEvZ2V0UmFuZG9tV29yZC9vdjY1SWZzRDU5WQ {"name":"operations/cmFuZG9tLXdvcmQtOTM4NzkvdXMtY2VudHJhbDEvZ2V0UmFuZG9tV29yZC9vdjY1SWZzRDU5WQ","metadata":{"@type":"type.googleapis.com/google.cloud.functions.v1.OperationMetadataV1","target":"projects/random-word-93879/locations/us-central1/functions/getRandomWord","type":"UPDATE_FUNCTION","request":{"@type":"type.googleapis.com/google.cloud.functions.v1.CloudFunction","name":"projects/random-word-93879/locations/us-central1/functions/getRandomWord","eventTrigger":{"eventType":"google.pubsub.topic.publish","resource":"projects/random-word-93879/topics/firebase-schedule-getRandomWord-us-central1","service":"pubsub.googleapis.com"},"status":"ACTIVE","entryPoint":"getRandomWord","timeout":"60s","availableMemoryMb":256,"serviceAccountEmail":"random-word-93879@appspot.gserviceaccount.com","updateTime":"2021-11-18T03:38:44.184Z","versionId":"9","labels":{"deployment-scheduled":"true","deployment-tool":"cli-firebase"},"sourceUploadUrl":"https://storage.googleapis.com/gcf-upload-us-central1-931d489a-09b2-4533-91ff-443947983cb1/de1e5978-9412-4aa8-b828-7df5d1854ed7.zip?GoogleAccessId=service-44449589385@gcf-admin-robot.iam.gserviceaccount.com&Expires=1637254585&Signature=PlaZOVgJ4PxsL9%2Fx9xHAZTEuVUrP4mciS08xO09WvEQ8n%2B37O%2Flz%2BpAItCFQfXS4m7mHH7eqEfiteZhGRMskZscmFLd7BXJ68RF6uShDU4PzroMRszNr1grwFN9mSvDOFLKXTuKFdsP9iMJG1ji0VhgYdv563B4syaCbcD%2Fbz0UbFev%2FLFQnA0F8ktmGkd9pCady95Hxq3Xo7v8ldhlthfNsN%2FMTniS5dCSpOofqyHgwUPVdkk4aEMSw02jf28wnoaOZ1wpaDN5vdczT3ZfU9Hk%2FhtNjT2Dib1UKamKcbiQ%2BEvHR4z2XsNNgultb06HYeSbmIwf0E4b90OWuqHRhMw%3D%3D","environmentVariables":{"FIREBASE_CONFIG":"{\"projectId\":\"random-word-93879\",\"storageBucket\":\"random-word-93879.appspot.com\",\"locationId\":\"us-central\"}"},"runtime":"nodejs14","ingressSettings":"ALLOW_ALL","buildId":"e8ed8f4f-1bf1-473e-a3e3-ea51a9736570","buildName":"projects/44449589385/locations/us-central1/builds/e8ed8f4f-1bf1-473e-a3e3-ea51a9736570"},"versionId":"10","updateTime":"2021-11-18T16:26:26Z","buildName":"projects/44449589385/locations/us-central1/builds/e8ed8f4f-1bf1-473e-a3e3-ea51a9736570"}}
[debug] [2021-11-18T16:26:26.798Z] [update-projects/random-word-93879/locations/us-central1/functions/getRandomWord] Retrying task index 0
[debug] [2021-11-18T16:26:26.800Z] >>> [apiv2][query] GET https://cloudfunctions.googleapis.com/v1/operations/cmFuZG9tLXdvcmQtOTM4NzkvdXMtY2VudHJhbDEvZ2V0UmFuZG9tV29yZC9vdjY1SWZzRDU5WQ [none]
[debug] [2021-11-18T16:26:26.978Z] <<< [apiv2][status] GET https://cloudfunctions.googleapis.com/v1/operations/cmFuZG9tLXdvcmQtOTM4NzkvdXMtY2VudHJhbDEvZ2V0UmFuZG9tV29yZC9vdjY1SWZzRDU5WQ 200
[debug] [2021-11-18T16:26:26.978Z] <<< [apiv2][body] GET https://cloudfunctions.googleapis.com/v1/operations/cmFuZG9tLXdvcmQtOTM4NzkvdXMtY2VudHJhbDEvZ2V0UmFuZG9tV29yZC9vdjY1SWZzRDU5WQ {"name":"operations/cmFuZG9tLXdvcmQtOTM4NzkvdXMtY2VudHJhbDEvZ2V0UmFuZG9tV29yZC9vdjY1SWZzRDU5WQ","metadata":{"@type":"type.googleapis.com/google.cloud.functions.v1.OperationMetadataV1","target":"projects/random-word-93879/locations/us-central1/functions/getRandomWord","type":"UPDATE_FUNCTION","request":{"@type":"type.googleapis.com/google.cloud.functions.v1.CloudFunction","name":"projects/random-word-93879/locations/us-central1/functions/getRandomWord","eventTrigger":{"eventType":"google.pubsub.topic.publish","resource":"projects/random-word-93879/topics/firebase-schedule-getRandomWord-us-central1","service":"pubsub.googleapis.com"},"status":"ACTIVE","entryPoint":"getRandomWord","timeout":"60s","availableMemoryMb":256,"serviceAccountEmail":"random-word-93879@appspot.gserviceaccount.com","updateTime":"2021-11-18T03:38:44.184Z","versionId":"9","labels":{"deployment-scheduled":"true","deployment-tool":"cli-firebase"},"sourceUploadUrl":"https://storage.googleapis.com/gcf-upload-us-central1-931d489a-09b2-4533-91ff-443947983cb1/de1e5978-9412-4aa8-b828-7df5d1854ed7.zip?GoogleAccessId=service-44449589385@gcf-admin-robot.iam.gserviceaccount.com&Expires=1637254585&Signature=PlaZOVgJ4PxsL9%2Fx9xHAZTEuVUrP4mciS08xO09WvEQ8n%2B37O%2Flz%2BpAItCFQfXS4m7mHH7eqEfiteZhGRMskZscmFLd7BXJ68RF6uShDU4PzroMRszNr1grwFN9mSvDOFLKXTuKFdsP9iMJG1ji0VhgYdv563B4syaCbcD%2Fbz0UbFev%2FLFQnA0F8ktmGkd9pCady95Hxq3Xo7v8ldhlthfNsN%2FMTniS5dCSpOofqyHgwUPVdkk4aEMSw02jf28wnoaOZ1wpaDN5vdczT3ZfU9Hk%2FhtNjT2Dib1UKamKcbiQ%2BEvHR4z2XsNNgultb06HYeSbmIwf0E4b90OWuqHRhMw%3D%3D","environmentVariables":{"FIREBASE_CONFIG":"{\"projectId\":\"random-word-93879\",\"storageBucket\":\"random-word-93879.appspot.com\",\"locationId\":\"us-central\"}"},"runtime":"nodejs14","ingressSettings":"ALLOW_ALL","buildId":"e8ed8f4f-1bf1-473e-a3e3-ea51a9736570","buildName":"projects/44449589385/locations/us-central1/builds/e8ed8f4f-1bf1-473e-a3e3-ea51a9736570"},"versionId":"10","updateTime":"2021-11-18T16:26:26Z","buildId":"b18b0daf-7543-43cb-b548-0d54dbc1f26d","buildName":"projects/44449589385/locations/us-central1/builds/b18b0daf-7543-43cb-b548-0d54dbc1f26d"}}
[debug] [2021-11-18T16:26:27.981Z] [update-projects/random-word-93879/locations/us-central1/functions/getRandomWord] Retrying task index 0
[debug] [2021-11-18T16:26:27.983Z] >>> [apiv2][query] GET https://cloudfunctions.googleapis.com/v1/operations/cmFuZG9tLXdvcmQtOTM4NzkvdXMtY2VudHJhbDEvZ2V0UmFuZG9tV29yZC9vdjY1SWZzRDU5WQ [none]
[debug] [2021-11-18T16:26:28.229Z] <<< [apiv2][status] GET https://cloudfunctions.googleapis.com/v1/operations/cmFuZG9tLXdvcmQtOTM4NzkvdXMtY2VudHJhbDEvZ2V0UmFuZG9tV29yZC9vdjY1SWZzRDU5WQ 200
[debug] [2021-11-18T16:26:28.230Z] <<< [apiv2][body] GET https://cloudfunctions.googleapis.com/v1/operations/cmFuZG9tLXdvcmQtOTM4NzkvdXMtY2VudHJhbDEvZ2V0UmFuZG9tV29yZC9vdjY1SWZzRDU5WQ {"name":"operations/cmFuZG9tLXdvcmQtOTM4NzkvdXMtY2VudHJhbDEvZ2V0UmFuZG9tV29yZC9vdjY1SWZzRDU5WQ","metadata":{"@type":"type.googleapis.com/google.cloud.functions.v1.OperationMetadataV1","target":"projects/random-word-93879/locations/us-central1/functions/getRandomWord","type":"UPDATE_FUNCTION","request":{"@type":"type.googleapis.com/google.cloud.functions.v1.CloudFunction","name":"projects/random-word-93879/locations/us-central1/functions/getRandomWord","eventTrigger":{"eventType":"google.pubsub.topic.publish","resource":"projects/random-word-93879/topics/firebase-schedule-getRandomWord-us-central1","service":"pubsub.googleapis.com"},"status":"ACTIVE","entryPoint":"getRandomWord","timeout":"60s","availableMemoryMb":256,"serviceAccountEmail":"random-word-93879@appspot.gserviceaccount.com","updateTime":"2021-11-18T03:38:44.184Z","versionId":"9","labels":{"deployment-scheduled":"true","deployment-tool":"cli-firebase"},"sourceUploadUrl":"https://storage.googleapis.com/gcf-upload-us-central1-931d489a-09b2-4533-91ff-443947983cb1/de1e5978-9412-4aa8-b828-7df5d1854ed7.zip?GoogleAccessId=service-44449589385@gcf-admin-robot.iam.gserviceaccount.com&Expires=1637254585&Signature=PlaZOVgJ4PxsL9%2Fx9xHAZTEuVUrP4mciS08xO09WvEQ8n%2B37O%2Flz%2BpAItCFQfXS4m7mHH7eqEfiteZhGRMskZscmFLd7BXJ68RF6uShDU4PzroMRszNr1grwFN9mSvDOFLKXTuKFdsP9iMJG1ji0VhgYdv563B4syaCbcD%2Fbz0UbFev%2FLFQnA0F8ktmGkd9pCady95Hxq3Xo7v8ldhlthfNsN%2FMTniS5dCSpOofqyHgwUPVdkk4aEMSw02jf28wnoaOZ1wpaDN5vdczT3ZfU9Hk%2FhtNjT2Dib1UKamKcbiQ%2BEvHR4z2XsNNgultb06HYeSbmIwf0E4b90OWuqHRhMw%3D%3D","environmentVariables":{"FIREBASE_CONFIG":"{\"projectId\":\"random-word-93879\",\"storageBucket\":\"random-word-93879.appspot.com\",\"locationId\":\"us-central\"}"},"runtime":"nodejs14","ingressSettings":"ALLOW_ALL","buildId":"e8ed8f4f-1bf1-473e-a3e3-ea51a9736570","buildName":"projects/44449589385/locations/us-central1/builds/e8ed8f4f-1bf1-473e-a3e3-ea51a9736570"},"versionId":"10","updateTime":"2021-11-18T16:26:26Z","buildId":"b18b0daf-7543-43cb-b548-0d54dbc1f26d","buildName":"projects/44449589385/locations/us-central1/builds/b18b0daf-7543-43cb-b548-0d54dbc1f26d"}}
[debug] [2021-11-18T16:26:30.236Z] [update-projects/random-word-93879/locations/us-central1/functions/getRandomWord] Retrying task index 0
[debug] [2021-11-18T16:26:30.237Z] >>> [apiv2][query] GET https://cloudfunctions.googleapis.com/v1/operations/cmFuZG9tLXdvcmQtOTM4NzkvdXMtY2VudHJhbDEvZ2V0UmFuZG9tV29yZC9vdjY1SWZzRDU5WQ [none]
[debug] [2021-11-18T16:26:30.431Z] <<< [apiv2][status] GET https://cloudfunctions.googleapis.com/v1/operations/cmFuZG9tLXdvcmQtOTM4NzkvdXMtY2VudHJhbDEvZ2V0UmFuZG9tV29yZC9vdjY1SWZzRDU5WQ 200
[debug] [2021-11-18T16:26:30.431Z] <<< [apiv2][body] GET https://cloudfunctions.googleapis.com/v1/operations/cmFuZG9tLXdvcmQtOTM4NzkvdXMtY2VudHJhbDEvZ2V0UmFuZG9tV29yZC9vdjY1SWZzRDU5WQ {"name":"operations/cmFuZG9tLXdvcmQtOTM4NzkvdXMtY2VudHJhbDEvZ2V0UmFuZG9tV29yZC9vdjY1SWZzRDU5WQ","metadata":{"@type":"type.googleapis.com/google.cloud.functions.v1.OperationMetadataV1","target":"projects/random-word-93879/locations/us-central1/functions/getRandomWord","type":"UPDATE_FUNCTION","request":{"@type":"type.googleapis.com/google.cloud.functions.v1.CloudFunction","name":"projects/random-word-93879/locations/us-central1/functions/getRandomWord","eventTrigger":{"eventType":"google.pubsub.topic.publish","resource":"projects/random-word-93879/topics/firebase-schedule-getRandomWord-us-central1","service":"pubsub.googleapis.com"},"status":"ACTIVE","entryPoint":"getRandomWord","timeout":"60s","availableMemoryMb":256,"serviceAccountEmail":"random-word-93879@appspot.gserviceaccount.com","updateTime":"2021-11-18T03:38:44.184Z","versionId":"9","labels":{"deployment-scheduled":"true","deployment-tool":"cli-firebase"},"sourceUploadUrl":"https://storage.googleapis.com/gcf-upload-us-central1-931d489a-09b2-4533-91ff-443947983cb1/de1e5978-9412-4aa8-b828-7df5d1854ed7.zip?GoogleAccessId=service-44449589385@gcf-admin-robot.iam.gserviceaccount.com&Expires=1637254585&Signature=PlaZOVgJ4PxsL9%2Fx9xHAZTEuVUrP4mciS08xO09WvEQ8n%2B37O%2Flz%2BpAItCFQfXS4m7mHH7eqEfiteZhGRMskZscmFLd7BXJ68RF6uShDU4PzroMRszNr1grwFN9mSvDOFLKXTuKFdsP9iMJG1ji0VhgYdv563B4syaCbcD%2Fbz0UbFev%2FLFQnA0F8ktmGkd9pCady95Hxq3Xo7v8ldhlthfNsN%2FMTniS5dCSpOofqyHgwUPVdkk4aEMSw02jf28wnoaOZ1wpaDN5vdczT3ZfU9Hk%2FhtNjT2Dib1UKamKcbiQ%2BEvHR4z2XsNNgultb06HYeSbmIwf0E4b90OWuqHRhMw%3D%3D","environmentVariables":{"FIREBASE_CONFIG":"{\"projectId\":\"random-word-93879\",\"storageBucket\":\"random-word-93879.appspot.com\",\"locationId\":\"us-central\"}"},"runtime":"nodejs14","ingressSettings":"ALLOW_ALL","buildId":"e8ed8f4f-1bf1-473e-a3e3-ea51a9736570","buildName":"projects/44449589385/locations/us-central1/builds/e8ed8f4f-1bf1-473e-a3e3-ea51a9736570"},"versionId":"10","updateTime":"2021-11-18T16:26:26Z","buildId":"b18b0daf-7543-43cb-b548-0d54dbc1f26d","buildName":"projects/44449589385/locations/us-central1/builds/b18b0daf-7543-43cb-b548-0d54dbc1f26d"}}
[debug] [2021-11-18T16:26:34.435Z] [update-projects/random-word-93879/locations/us-central1/functions/getRandomWord] Retrying task index 0
[debug] [2021-11-18T16:26:34.436Z] >>> [apiv2][query] GET https://cloudfunctions.googleapis.com/v1/operations/cmFuZG9tLXdvcmQtOTM4NzkvdXMtY2VudHJhbDEvZ2V0UmFuZG9tV29yZC9vdjY1SWZzRDU5WQ [none]
[debug] [2021-11-18T16:26:34.597Z] <<< [apiv2][status] GET https://cloudfunctions.googleapis.com/v1/operations/cmFuZG9tLXdvcmQtOTM4NzkvdXMtY2VudHJhbDEvZ2V0UmFuZG9tV29yZC9vdjY1SWZzRDU5WQ 200
[debug] [2021-11-18T16:26:34.597Z] <<< [apiv2][body] GET https://cloudfunctions.googleapis.com/v1/operations/cmFuZG9tLXdvcmQtOTM4NzkvdXMtY2VudHJhbDEvZ2V0UmFuZG9tV29yZC9vdjY1SWZzRDU5WQ {"name":"operations/cmFuZG9tLXdvcmQtOTM4NzkvdXMtY2VudHJhbDEvZ2V0UmFuZG9tV29yZC9vdjY1SWZzRDU5WQ","metadata":{"@type":"type.googleapis.com/google.cloud.functions.v1.OperationMetadataV1","target":"projects/random-word-93879/locations/us-central1/functions/getRandomWord","type":"UPDATE_FUNCTION","request":{"@type":"type.googleapis.com/google.cloud.functions.v1.CloudFunction","name":"projects/random-word-93879/locations/us-central1/functions/getRandomWord","eventTrigger":{"eventType":"google.pubsub.topic.publish","resource":"projects/random-word-93879/topics/firebase-schedule-getRandomWord-us-central1","service":"pubsub.googleapis.com"},"status":"ACTIVE","entryPoint":"getRandomWord","timeout":"60s","availableMemoryMb":256,"serviceAccountEmail":"random-word-93879@appspot.gserviceaccount.com","updateTime":"2021-11-18T03:38:44.184Z","versionId":"9","labels":{"deployment-scheduled":"true","deployment-tool":"cli-firebase"},"sourceUploadUrl":"https://storage.googleapis.com/gcf-upload-us-central1-931d489a-09b2-4533-91ff-443947983cb1/de1e5978-9412-4aa8-b828-7df5d1854ed7.zip?GoogleAccessId=service-44449589385@gcf-admin-robot.iam.gserviceaccount.com&Expires=1637254585&Signature=PlaZOVgJ4PxsL9%2Fx9xHAZTEuVUrP4mciS08xO09WvEQ8n%2B37O%2Flz%2BpAItCFQfXS4m7mHH7eqEfiteZhGRMskZscmFLd7BXJ68RF6uShDU4PzroMRszNr1grwFN9mSvDOFLKXTuKFdsP9iMJG1ji0VhgYdv563B4syaCbcD%2Fbz0UbFev%2FLFQnA0F8ktmGkd9pCady95Hxq3Xo7v8ldhlthfNsN%2FMTniS5dCSpOofqyHgwUPVdkk4aEMSw02jf28wnoaOZ1wpaDN5vdczT3ZfU9Hk%2FhtNjT2Dib1UKamKcbiQ%2BEvHR4z2XsNNgultb06HYeSbmIwf0E4b90OWuqHRhMw%3D%3D","environmentVariables":{"FIREBASE_CONFIG":"{\"projectId\":\"random-word-93879\",\"storageBucket\":\"random-word-93879.appspot.com\",\"locationId\":\"us-central\"}"},"runtime":"nodejs14","ingressSettings":"ALLOW_ALL","buildId":"e8ed8f4f-1bf1-473e-a3e3-ea51a9736570","buildName":"projects/44449589385/locations/us-central1/builds/e8ed8f4f-1bf1-473e-a3e3-ea51a9736570"},"versionId":"10","updateTime":"2021-11-18T16:26:26Z","buildId":"b18b0daf-7543-43cb-b548-0d54dbc1f26d","buildName":"projects/44449589385/locations/us-central1/builds/b18b0daf-7543-43cb-b548-0d54dbc1f26d"}}
